<?xml version="1.0" encoding="UTF-8"?>
<!-- Generated by org.testng.reporters.JUnitReportReporter -->
<testsuite skipped="0" hostname="BNG-181907-C02XM0QYJGH8" name="com.Tests.PaymentPageTest" tests="1" failures="0" timestamp="23 Mar 2019 04:39:43 GMT" time="80.245" errors="0">
  <testcase name="PaymentTest" time="80.245" classname="com.Tests.PaymentPageTest"/>
</testsuite> <!-- com.Tests.PaymentPageTest -->
