<?xml version="1.0" encoding="UTF-8"?>
<!-- Generated by org.testng.reporters.JUnitReportReporter -->
<testsuite skipped="0" hostname="BNG-181907-C02XM0QYJGH8" name="com.Tests.SampleTest" tests="1" failures="0" timestamp="22 Mar 2019 12:08:34 GMT" time="7.193" errors="0">
  <testcase name="SignInTest" time="7.193" classname="com.Tests.SampleTest"/>
</testsuite> <!-- com.Tests.SampleTest -->
